<?xml version="1.0" encoding="UTF-8"?>
<testng-results skipped="0" failed="0" ignored="0" total="1" passed="1">
  <reporter-output>
  </reporter-output>
  <suite name="Default suite" duration-ms="1050" started-at="2019-07-22T09:37:02Z" finished-at="2019-07-22T09:37:03Z">
    <groups>
    </groups>
    <test name="Default test" duration-ms="1050" started-at="2019-07-22T09:37:02Z" finished-at="2019-07-22T09:37:03Z">
      <class name="MyDemo_02.MyDemo_02.Excel">
        <test-method status="PASS" signature="createExcel()[pri:0, instance:MyDemo_02.MyDemo_02.Excel@59f99ea]" name="createExcel" duration-ms="1019" started-at="2019-07-22T09:37:02Z" finished-at="2019-07-22T09:37:03Z">
          <reporter-output>
          </reporter-output>
        </test-method> <!-- createExcel -->
      </class> <!-- MyDemo_02.MyDemo_02.Excel -->
    </test> <!-- Default test -->
  </suite> <!-- Default suite -->
</testng-results>
